<?xml version="1.0" encoding="UTF-8"?>
<!-- Generated by org.testng.reporters.JUnitReportReporter -->
<testsuite skipped="0" hostname="bellal-3LQUFINH" name="praticealltime.Praticebellal" tests="1" failures="0" timestamp="2020-06-14T15:53:56 EDT" time="13.405" errors="0">
  <testcase name="openBrowser" time="13.405" classname="praticealltime.Praticebellal"/>
  <system-out/>
</testsuite> <!-- praticealltime.Praticebellal -->
